..\Dll\AODV.pdb
C:\USERS\TETCOS\DESKTOP\SECURE_AODV\AODV\DEBUG\AODV.DLL.INTERMEDIATE.MANIFEST
C:\USERS\TETCOS\DESKTOP\SECURE_AODV\AODV\DEBUG\AODV.OBJ
C:\Users\TETCOS\Desktop\Secure_AODV\AODV\Debug\AODV.write.1.tlog
C:\USERS\TETCOS\DESKTOP\SECURE_AODV\AODV\DEBUG\AODV_CHECKROUTEFOUND.OBJ
C:\USERS\TETCOS\DESKTOP\SECURE_AODV\AODV\DEBUG\AODV_ROUTEERROR.OBJ
C:\Users\TETCOS\Desktop\Secure_AODV\AODV\Debug\cl.command.1.tlog
C:\Users\TETCOS\Desktop\Secure_AODV\AODV\Debug\CL.read.1.tlog
C:\Users\TETCOS\Desktop\Secure_AODV\AODV\Debug\CL.write.1.tlog
C:\USERS\TETCOS\DESKTOP\SECURE_AODV\AODV\DEBUG\FIFOBUFFER.OBJ
C:\USERS\TETCOS\DESKTOP\SECURE_AODV\AODV\DEBUG\GENERALPACKETPROCESSING.OBJ
C:\USERS\TETCOS\DESKTOP\SECURE_AODV\AODV\DEBUG\HELLOMESSAGE.OBJ
C:\Users\TETCOS\Desktop\Secure_AODV\AODV\Debug\link.2528.read.1.tlog
C:\Users\TETCOS\Desktop\Secure_AODV\AODV\Debug\link.2528.write.1.tlog
C:\Users\TETCOS\Desktop\Secure_AODV\AODV\Debug\link.command.1.tlog
C:\Users\TETCOS\Desktop\Secure_AODV\AODV\Debug\link.read.1.tlog
C:\Users\TETCOS\Desktop\Secure_AODV\AODV\Debug\link.write.1.tlog
C:\Users\TETCOS\Desktop\Secure_AODV\AODV\Debug\mt.command.1.tlog
C:\Users\TETCOS\Desktop\Secure_AODV\AODV\Debug\mt.read.1.tlog
C:\Users\TETCOS\Desktop\Secure_AODV\AODV\Debug\mt.write.1.tlog
C:\USERS\TETCOS\DESKTOP\SECURE_AODV\AODV\DEBUG\ROUTEMAINT.OBJ
C:\USERS\TETCOS\DESKTOP\SECURE_AODV\AODV\DEBUG\ROUTETABLE.OBJ
C:\USERS\TETCOS\DESKTOP\SECURE_AODV\AODV\DEBUG\RREP.OBJ
C:\USERS\TETCOS\DESKTOP\SECURE_AODV\AODV\DEBUG\RREQ.OBJ
C:\USERS\TETCOS\DESKTOP\SECURE_AODV\AODV\DEBUG\RSA.OBJ
C:\USERS\TETCOS\DESKTOP\SECURE_AODV\AODV\DEBUG\SECURE_AODV.OBJ
C:\Users\TETCOS\Desktop\Secure_AODV\AODV\Debug\vc100.idb
C:\USERS\TETCOS\DESKTOP\SECURE_AODV\AODV\DEBUG\VC100.PDB
C:\Users\TETCOS\Desktop\Secure_AODV\Dll\AODV.exp
C:\Users\TETCOS\Desktop\Secure_AODV\Dll\AODV.lib
C:\USERS\TETCOS\DESKTOP\SECURE_AODV\DLL\AODV.PDB
C:\USERS\TETCOS\DESKTOP\SECURE_AODV\DLL\LIBAODV.DLL
