..\Dll\libAODV.pdb
C:\Users\KANAK\Desktop\Secure_AODV\Simulation\AODV\..\Dll\libAODV.dll
C:\USERS\KANAK\DESKTOP\SECURE_AODV\SIMULATION\AODV\DEBUG\AODV.OBJ
C:\Users\KANAK\Desktop\Secure_AODV\Simulation\AODV\Debug\AODV.write.1.tlog
C:\USERS\KANAK\DESKTOP\SECURE_AODV\SIMULATION\AODV\DEBUG\AODV_CHECKROUTEFOUND.OBJ
C:\USERS\KANAK\DESKTOP\SECURE_AODV\SIMULATION\AODV\DEBUG\AODV_ROUTEERROR.OBJ
C:\Users\KANAK\Desktop\Secure_AODV\Simulation\AODV\Debug\cl.command.1.tlog
C:\Users\KANAK\Desktop\Secure_AODV\Simulation\AODV\Debug\CL.read.1.tlog
C:\Users\KANAK\Desktop\Secure_AODV\Simulation\AODV\Debug\CL.write.1.tlog
C:\USERS\KANAK\DESKTOP\SECURE_AODV\SIMULATION\AODV\DEBUG\FIFOBUFFER.OBJ
C:\USERS\KANAK\DESKTOP\SECURE_AODV\SIMULATION\AODV\DEBUG\GENERALPACKETPROCESSING.OBJ
C:\USERS\KANAK\DESKTOP\SECURE_AODV\SIMULATION\AODV\DEBUG\HELLOMESSAGE.OBJ
C:\USERS\KANAK\DESKTOP\SECURE_AODV\SIMULATION\AODV\DEBUG\LIBAODV.DLL.INTERMEDIATE.MANIFEST
C:\Users\KANAK\Desktop\Secure_AODV\Simulation\AODV\Debug\link.5252.read.1.tlog
C:\Users\KANAK\Desktop\Secure_AODV\Simulation\AODV\Debug\link.5252.write.1.tlog
C:\Users\KANAK\Desktop\Secure_AODV\Simulation\AODV\Debug\link.command.1.tlog
C:\Users\KANAK\Desktop\Secure_AODV\Simulation\AODV\Debug\link.read.1.tlog
C:\Users\KANAK\Desktop\Secure_AODV\Simulation\AODV\Debug\link.write.1.tlog
C:\USERS\KANAK\DESKTOP\SECURE_AODV\SIMULATION\AODV\DEBUG\MALICIOUS.OBJ
C:\Users\KANAK\Desktop\Secure_AODV\Simulation\AODV\Debug\mt.command.1.tlog
C:\Users\KANAK\Desktop\Secure_AODV\Simulation\AODV\Debug\mt.read.1.tlog
C:\Users\KANAK\Desktop\Secure_AODV\Simulation\AODV\Debug\mt.write.1.tlog
C:\USERS\KANAK\DESKTOP\SECURE_AODV\SIMULATION\AODV\DEBUG\ROUTEMAINT.OBJ
C:\USERS\KANAK\DESKTOP\SECURE_AODV\SIMULATION\AODV\DEBUG\ROUTETABLE.OBJ
C:\USERS\KANAK\DESKTOP\SECURE_AODV\SIMULATION\AODV\DEBUG\RREP.OBJ
C:\USERS\KANAK\DESKTOP\SECURE_AODV\SIMULATION\AODV\DEBUG\RREQ.OBJ
C:\USERS\KANAK\DESKTOP\SECURE_AODV\SIMULATION\AODV\DEBUG\RSA.OBJ
C:\USERS\KANAK\DESKTOP\SECURE_AODV\SIMULATION\AODV\DEBUG\SECURE_AODV.OBJ
C:\Users\KANAK\Desktop\Secure_AODV\Simulation\AODV\Debug\vc100.idb
C:\USERS\KANAK\DESKTOP\SECURE_AODV\SIMULATION\AODV\DEBUG\VC100.PDB
C:\USERS\KANAK\DESKTOP\SECURE_AODV\SIMULATION\DLL\LIBAODV.DLL
C:\Users\KANAK\Desktop\Secure_AODV\Simulation\Dll\libAODV.exp
C:\Users\KANAK\Desktop\Secure_AODV\Simulation\Dll\libAODV.lib
C:\USERS\KANAK\DESKTOP\SECURE_AODV\SIMULATION\DLL\LIBAODV.PDB
